<?xml version="1.0" encoding="UTF-8"?>
<!-- Generated by org.testng.reporters.JUnitReportReporter -->
<testsuite hostname="DESKTOP-SRPM13C" failures="0" tests="1" name="tests.FirstTest" time="4.082" errors="0" timestamp="2022-03-04T05:38:56 EET" skipped="0">
  <testcase classname="tests.FirstTest" name="TestScenario3" time="4.082"/>
  <system-out/>
</testsuite> <!-- tests.FirstTest -->
